#-----------------------------------------------------------
# Vivado v2024.2 (64-bit)
# SW Build 5239630 on Fri Nov 08 22:35:27 MST 2024
# IP Build 5239520 on Sun Nov 10 16:12:51 MST 2024
# SharedData Build 5239561 on Fri Nov 08 14:39:27 MST 2024
# Start of session at: Thu Jan 16 11:10:45 2025
# Process ID         : 16040
# Current directory  : C:/Users/sungm/ece281/ece281-ice2
# Command line       : vivado.exe -gui_launcher_event rodinguilauncherevent14056 C:\Users\sungm\ece281\ece281-ice2\halfAdder.xpr
# Log file           : C:/Users/sungm/ece281/ece281-ice2/vivado.log
# Journal file       : C:/Users/sungm/ece281/ece281-ice2\vivado.jou
# Running On         : Sungmin
# Platform           : Windows Server 2016 or Windows 10
# Operating System   : 22631
# Processor Detail   : Intel(R) Core(TM) Ultra 7 155H
# CPU Frequency      : 2995 MHz
# CPU Physical cores : 16
# CPU Logical cores  : 22
# Host memory        : 16507 MB
# Swap memory        : 1073 MB
# Total Virtual      : 17581 MB
# Available Virtual  : 8257 MB
#-----------------------------------------------------------
start_gui
open_project C:/Users/sungm/ece281/ece281-ice2/halfAdder.xpr
INFO: [Project 1-313] Project file moved from 'C:/Users/DFEC/281/ece281-ice2' since last save.
WARNING: [filemgmt 56-2] Board Part Repository Path: Could not find the directory 'C:/Users/sungm/AppData/Roaming/Xilinx/Vivado/2024.1.1/xhub/board_store/xilinx_board_store', nor could it be found using path 'C:/Users/DFEC/AppData/Roaming/Xilinx/Vivado/2024.1.1/xhub/board_store/xilinx_board_store'.
INFO: [filemgmt 56-3] Default IP Output Path : Could not find the directory 'C:/Users/sungm/ece281/ece281-ice2/halfAdder.gen/sources_1'.
WARNING: [filemgmt 56-3] IPUserFilesDir: Could not find the directory 'C:/Users/sungm/ece281/ece281-ice2/halfAdder.ip_user_files'.
Scanning sources...
Finished scanning sources
INFO: [Project 1-230] Project 'halfAdder.xpr' upgraded for this version of Vivado.
INFO: [IP_Flow 19-234] Refreshing IP repositories
INFO: [IP_Flow 19-1704] No user IP repositories specified
INFO: [IP_Flow 19-2313] Loaded Vivado IP repository 'C:/Xilinx/Vivado/2024.2/data/ip'.
update_compile_order -fileset sources_1
exit
INFO: [Common 17-206] Exiting Vivado at Thu Jan 16 13:48:08 2025...
